{"C:\\Users\\mekasire\\Desktop\\vue practice\\dog_app\\src\\App.vue": {"path":"C:\\Users\\mekasire\\Desktop\\vue practice\\dog_app\\src\\App.vue","statementMap":{"0":{"start":{"line":12,"column":0},"end":{"line":12,"column":null}}},"fnMap":{},"branchMap":{},"s":{"0":1},"f":{},"b":{}}
,"C:\\Users\\mekasire\\Desktop\\vue practice\\dog_app\\src\\components\\BreedList.vue": {"path":"C:\\Users\\mekasire\\Desktop\\vue practice\\dog_app\\src\\components\\BreedList.vue","statementMap":{"0":{"start":{"line":29,"column":0},"end":{"line":29,"column":null}},"1":{"start":{"line":30,"column":0},"end":{"line":30,"column":null}},"2":{"start":{"line":41,"column":0},"end":{"line":41,"column":null}}},"fnMap":{"0":{"name":"(anonymous_1)","decl":{"start":{"line":40,"column":0},"end":{"line":40,"column":null}},"loc":{"start":{"line":40,"column":0},"end":{"line":42,"column":null}}}},"branchMap":{},"s":{"0":2,"1":2,"2":1},"f":{"0":1},"b":{}}
,"C:\\Users\\mekasire\\Desktop\\vue practice\\dog_app\\src\\components\\DisplayImage.vue": {"path":"C:\\Users\\mekasire\\Desktop\\vue practice\\dog_app\\src\\components\\DisplayImage.vue","statementMap":{"0":{"start":{"line":11,"column":0},"end":{"line":11,"column":null}},"1":{"start":{"line":17,"column":0},"end":{"line":17,"column":null}},"2":{"start":{"line":22,"column":0},"end":{"line":22,"column":null}},"3":{"start":{"line":26,"column":0},"end":{"line":30,"column":null}},"4":{"start":{"line":29,"column":0},"end":{"line":29,"column":null}},"5":{"start":{"line":35,"column":0},"end":{"line":35,"column":null}}},"fnMap":{"0":{"name":"(anonymous_1)","decl":{"start":{"line":16,"column":0},"end":{"line":16,"column":null}},"loc":{"start":{"line":16,"column":0},"end":{"line":20,"column":null}}},"1":{"name":"(anonymous_2)","decl":{"start":{"line":21,"column":0},"end":{"line":21,"column":null}},"loc":{"start":{"line":21,"column":0},"end":{"line":23,"column":null}}},"2":{"name":"(anonymous_3)","decl":{"start":{"line":25,"column":0},"end":{"line":25,"column":null}},"loc":{"start":{"line":25,"column":0},"end":{"line":31,"column":null}}},"3":{"name":"(anonymous_4)","decl":{"start":{"line":26,"column":0},"end":{"line":26,"column":null}},"loc":{"start":{"line":26,"column":0},"end":{"line":30,"column":null}}},"4":{"name":"(anonymous_5)","decl":{"start":{"line":34,"column":0},"end":{"line":34,"column":null}},"loc":{"start":{"line":34,"column":0},"end":{"line":36,"column":null}}}},"branchMap":{},"s":{"0":3,"1":3,"2":3,"3":3,"4":3,"5":6},"f":{"0":3,"1":3,"2":3,"3":3,"4":6},"b":{}}
,"C:\\Users\\mekasire\\Desktop\\vue practice\\dog_app\\src\\components\\SearchComponent.vue": {"path":"C:\\Users\\mekasire\\Desktop\\vue practice\\dog_app\\src\\components\\SearchComponent.vue","statementMap":{"0":{"start":{"line":20,"column":0},"end":{"line":20,"column":null}},"1":{"start":{"line":24,"column":0},"end":{"line":24,"column":null}},"2":{"start":{"line":30,"column":0},"end":{"line":30,"column":null}},"3":{"start":{"line":31,"column":0},"end":{"line":31,"column":null}},"4":{"start":{"line":32,"column":0},"end":{"line":32,"column":null}},"5":{"start":{"line":36,"column":0},"end":{"line":38,"column":null}},"6":{"start":{"line":37,"column":0},"end":{"line":37,"column":null}},"7":{"start":{"line":41,"column":0},"end":{"line":41,"column":null}},"8":{"start":{"line":42,"column":0},"end":{"line":42,"column":null}}},"fnMap":{"0":{"name":"(anonymous_1)","decl":{"start":{"line":23,"column":0},"end":{"line":23,"column":null}},"loc":{"start":{"line":23,"column":0},"end":{"line":28,"column":null}}},"1":{"name":"(anonymous_2)","decl":{"start":{"line":29,"column":0},"end":{"line":29,"column":null}},"loc":{"start":{"line":29,"column":0},"end":{"line":33,"column":null}}},"2":{"name":"(anonymous_3)","decl":{"start":{"line":35,"column":0},"end":{"line":35,"column":null}},"loc":{"start":{"line":35,"column":0},"end":{"line":39,"column":null}}},"3":{"name":"(anonymous_4)","decl":{"start":{"line":40,"column":0},"end":{"line":40,"column":null}},"loc":{"start":{"line":40,"column":0},"end":{"line":43,"column":null}}}},"branchMap":{"0":{"loc":{"start":{"line":36,"column":0},"end":{"line":38,"column":null}},"type":"if","locations":[{"start":{"line":36,"column":0},"end":{"line":38,"column":null}},{"start":{"line":36,"column":0},"end":{"line":38,"column":null}}]}},"s":{"0":1,"1":7,"2":7,"3":7,"4":7,"5":8,"6":1,"7":1,"8":1},"f":{"0":7,"1":7,"2":8,"3":1},"b":{"0":[1,7]}}
,"C:\\Users\\mekasire\\Desktop\\vue practice\\dog_app\\src\\components\\ViewImages.vue": {"path":"C:\\Users\\mekasire\\Desktop\\vue practice\\dog_app\\src\\components\\ViewImages.vue","statementMap":{"0":{"start":{"line":53,"column":0},"end":{"line":53,"column":null}},"1":{"start":{"line":58,"column":0},"end":{"line":58,"column":null}},"2":{"start":{"line":63,"column":0},"end":{"line":63,"column":null}},"3":{"start":{"line":64,"column":0},"end":{"line":64,"column":null}},"4":{"start":{"line":65,"column":0},"end":{"line":65,"column":null}},"5":{"start":{"line":70,"column":0},"end":{"line":70,"column":null}},"6":{"start":{"line":71,"column":0},"end":{"line":71,"column":null}},"7":{"start":{"line":76,"column":0},"end":{"line":76,"column":null}},"8":{"start":{"line":79,"column":0},"end":{"line":79,"column":null}}},"fnMap":{"0":{"name":"(anonymous_1)","decl":{"start":{"line":57,"column":0},"end":{"line":57,"column":null}},"loc":{"start":{"line":57,"column":0},"end":{"line":61,"column":null}}},"1":{"name":"(anonymous_2)","decl":{"start":{"line":62,"column":0},"end":{"line":62,"column":null}},"loc":{"start":{"line":62,"column":0},"end":{"line":66,"column":null}}},"2":{"name":"(anonymous_3)","decl":{"start":{"line":69,"column":0},"end":{"line":69,"column":null}},"loc":{"start":{"line":69,"column":0},"end":{"line":72,"column":null}}},"3":{"name":"(anonymous_4)","decl":{"start":{"line":75,"column":0},"end":{"line":75,"column":null}},"loc":{"start":{"line":75,"column":0},"end":{"line":77,"column":null}}},"4":{"name":"(anonymous_5)","decl":{"start":{"line":78,"column":0},"end":{"line":78,"column":null}},"loc":{"start":{"line":78,"column":0},"end":{"line":80,"column":null}}}},"branchMap":{},"s":{"0":2,"1":4,"2":4,"3":4,"4":4,"5":1,"6":1,"7":1,"8":1},"f":{"0":4,"1":4,"2":1,"3":1,"4":1},"b":{}}
,"C:\\Users\\mekasire\\Desktop\\vue practice\\dog_app\\src\\router\\index.js": {"path":"C:\\Users\\mekasire\\Desktop\\vue practice\\dog_app\\src\\router\\index.js","statementMap":{"0":{"start":{"line":7,"column":0},"end":{"line":7,"column":16}},"1":{"start":{"line":9,"column":15},"end":{"line":14,"column":1}},"2":{"start":{"line":16,"column":15},"end":{"line":19,"column":2}}},"fnMap":{},"branchMap":{},"s":{"0":1,"1":1,"2":1},"f":{},"b":{},"_coverageSchema":"43e27e138ebf9cfc5966b082cf9a028302ed4184","hash":"311349641ee92b10cad3d1c664e84ac8182c4bc8"}
,"C:\\Users\\mekasire\\Desktop\\vue practice\\dog_app\\src\\store\\store.js": {"path":"C:\\Users\\mekasire\\Desktop\\vue practice\\dog_app\\src\\store\\store.js","statementMap":{"0":{"start":{"line":5,"column":0},"end":{"line":5,"column":14}},"1":{"start":{"line":15,"column":6},"end":{"line":15,"column":32}},"2":{"start":{"line":18,"column":6},"end":{"line":18,"column":31}},"3":{"start":{"line":21,"column":6},"end":{"line":21,"column":29}},"4":{"start":{"line":24,"column":6},"end":{"line":24,"column":34}},"5":{"start":{"line":30,"column":6},"end":{"line":30,"column":32}},"6":{"start":{"line":33,"column":6},"end":{"line":33,"column":31}},"7":{"start":{"line":36,"column":6},"end":{"line":36,"column":29}},"8":{"start":{"line":39,"column":6},"end":{"line":39,"column":34}},"9":{"start":{"line":44,"column":6},"end":{"line":51,"column":11}},"10":{"start":{"line":47,"column":10},"end":{"line":47,"column":56}},"11":{"start":{"line":50,"column":10},"end":{"line":50,"column":40}},"12":{"start":{"line":55,"column":6},"end":{"line":68,"column":7}},"13":{"start":{"line":56,"column":8},"end":{"line":56,"column":33}},"14":{"start":{"line":57,"column":8},"end":{"line":57,"column":36}},"15":{"start":{"line":58,"column":8},"end":{"line":58,"column":41}},"16":{"start":{"line":60,"column":8},"end":{"line":67,"column":13}},"17":{"start":{"line":63,"column":12},"end":{"line":63,"column":56}},"18":{"start":{"line":66,"column":12},"end":{"line":66,"column":42}},"19":{"start":{"line":72,"column":6},"end":{"line":83,"column":7}},"20":{"start":{"line":73,"column":8},"end":{"line":73,"column":36}},"21":{"start":{"line":75,"column":8},"end":{"line":82,"column":13}},"22":{"start":{"line":78,"column":12},"end":{"line":78,"column":59}},"23":{"start":{"line":81,"column":12},"end":{"line":81,"column":42}},"24":{"start":{"line":86,"column":6},"end":{"line":93,"column":11}},"25":{"start":{"line":89,"column":10},"end":{"line":89,"column":62}},"26":{"start":{"line":92,"column":10},"end":{"line":92,"column":40}}},"fnMap":{"0":{"name":"(anonymous_0)","decl":{"start":{"line":14,"column":18},"end":{"line":14,"column":19}},"loc":{"start":{"line":14,"column":27},"end":{"line":16,"column":5}},"line":14},"1":{"name":"(anonymous_1)","decl":{"start":{"line":17,"column":17},"end":{"line":17,"column":18}},"loc":{"start":{"line":17,"column":26},"end":{"line":19,"column":5}},"line":17},"2":{"name":"(anonymous_2)","decl":{"start":{"line":20,"column":15},"end":{"line":20,"column":16}},"loc":{"start":{"line":20,"column":24},"end":{"line":22,"column":5}},"line":20},"3":{"name":"(anonymous_3)","decl":{"start":{"line":23,"column":20},"end":{"line":23,"column":21}},"loc":{"start":{"line":23,"column":29},"end":{"line":25,"column":5}},"line":23},"4":{"name":"(anonymous_4)","decl":{"start":{"line":29,"column":4},"end":{"line":29,"column":5}},"loc":{"start":{"line":29,"column":30},"end":{"line":31,"column":5}},"line":29},"5":{"name":"(anonymous_5)","decl":{"start":{"line":32,"column":4},"end":{"line":32,"column":5}},"loc":{"start":{"line":32,"column":28},"end":{"line":34,"column":5}},"line":32},"6":{"name":"(anonymous_6)","decl":{"start":{"line":35,"column":4},"end":{"line":35,"column":5}},"loc":{"start":{"line":35,"column":31},"end":{"line":37,"column":5}},"line":35},"7":{"name":"(anonymous_7)","decl":{"start":{"line":38,"column":4},"end":{"line":38,"column":5}},"loc":{"start":{"line":38,"column":36},"end":{"line":40,"column":5}},"line":38},"8":{"name":"(anonymous_8)","decl":{"start":{"line":43,"column":4},"end":{"line":43,"column":5}},"loc":{"start":{"line":43,"column":28},"end":{"line":52,"column":5}},"line":43},"9":{"name":"(anonymous_9)","decl":{"start":{"line":46,"column":14},"end":{"line":46,"column":15}},"loc":{"start":{"line":46,"column":26},"end":{"line":48,"column":9}},"line":46},"10":{"name":"(anonymous_10)","decl":{"start":{"line":49,"column":15},"end":{"line":49,"column":16}},"loc":{"start":{"line":49,"column":24},"end":{"line":51,"column":9}},"line":49},"11":{"name":"(anonymous_11)","decl":{"start":{"line":54,"column":4},"end":{"line":54,"column":5}},"loc":{"start":{"line":54,"column":34},"end":{"line":69,"column":5}},"line":54},"12":{"name":"(anonymous_12)","decl":{"start":{"line":62,"column":16},"end":{"line":62,"column":17}},"loc":{"start":{"line":62,"column":28},"end":{"line":64,"column":11}},"line":62},"13":{"name":"(anonymous_13)","decl":{"start":{"line":65,"column":17},"end":{"line":65,"column":18}},"loc":{"start":{"line":65,"column":26},"end":{"line":67,"column":11}},"line":65},"14":{"name":"(anonymous_14)","decl":{"start":{"line":71,"column":4},"end":{"line":71,"column":5}},"loc":{"start":{"line":71,"column":38},"end":{"line":84,"column":5}},"line":71},"15":{"name":"(anonymous_15)","decl":{"start":{"line":77,"column":16},"end":{"line":77,"column":17}},"loc":{"start":{"line":77,"column":28},"end":{"line":79,"column":11}},"line":77},"16":{"name":"(anonymous_16)","decl":{"start":{"line":80,"column":17},"end":{"line":80,"column":18}},"loc":{"start":{"line":80,"column":26},"end":{"line":82,"column":11}},"line":80},"17":{"name":"(anonymous_17)","decl":{"start":{"line":85,"column":4},"end":{"line":85,"column":5}},"loc":{"start":{"line":85,"column":55},"end":{"line":94,"column":5}},"line":85},"18":{"name":"(anonymous_18)","decl":{"start":{"line":88,"column":14},"end":{"line":88,"column":15}},"loc":{"start":{"line":88,"column":26},"end":{"line":90,"column":9}},"line":88},"19":{"name":"(anonymous_19)","decl":{"start":{"line":91,"column":15},"end":{"line":91,"column":16}},"loc":{"start":{"line":91,"column":24},"end":{"line":93,"column":9}},"line":91}},"branchMap":{"0":{"loc":{"start":{"line":55,"column":6},"end":{"line":68,"column":7}},"type":"if","locations":[{"start":{"line":55,"column":6},"end":{"line":68,"column":7}},{"start":{"line":55,"column":6},"end":{"line":68,"column":7}}],"line":55},"1":{"loc":{"start":{"line":72,"column":6},"end":{"line":83,"column":7}},"type":"if","locations":[{"start":{"line":72,"column":6},"end":{"line":83,"column":7}},{"start":{"line":72,"column":6},"end":{"line":83,"column":7}}],"line":72}},"s":{"0":0,"1":0,"2":0,"3":0,"4":0,"5":0,"6":0,"7":0,"8":0,"9":0,"10":0,"11":0,"12":0,"13":0,"14":0,"15":0,"16":0,"17":0,"18":0,"19":0,"20":0,"21":0,"22":0,"23":0,"24":0,"25":0,"26":0},"f":{"0":0,"1":0,"2":0,"3":0,"4":0,"5":0,"6":0,"7":0,"8":0,"9":0,"10":0,"11":0,"12":0,"13":0,"14":0,"15":0,"16":0,"17":0,"18":0,"19":0},"b":{"0":[0,0],"1":[0,0]},"hash":"187113d6153ae8f0785fb0e0721474fb7e6209cd"}
}
