TN:
SF:C:\Users\mekasire\Desktop\vue practice\dog_app\src\App.vue
FNF:0
FNH:0
DA:12,1
LF:1
LH:1
BRF:0
BRH:0
end_of_record
TN:
SF:C:\Users\mekasire\Desktop\vue practice\dog_app\src\components\BreedList.vue
FN:40,(anonymous_1)
FNF:1
FNH:1
FNDA:1,(anonymous_1)
DA:29,2
DA:30,2
DA:41,1
LF:3
LH:3
BRF:0
BRH:0
end_of_record
TN:
SF:C:\Users\mekasire\Desktop\vue practice\dog_app\src\components\DisplayImage.vue
FN:16,(anonymous_1)
FN:21,(anonymous_2)
FN:25,(anonymous_3)
FN:26,(anonymous_4)
FN:34,(anonymous_5)
FNF:5
FNH:5
FNDA:3,(anonymous_1)
FNDA:3,(anonymous_2)
FNDA:3,(anonymous_3)
FNDA:3,(anonymous_4)
FNDA:6,(anonymous_5)
DA:11,3
DA:17,3
DA:22,3
DA:26,3
DA:29,3
DA:35,6
LF:6
LH:6
BRF:0
BRH:0
end_of_record
TN:
SF:C:\Users\mekasire\Desktop\vue practice\dog_app\src\components\SearchComponent.vue
FN:23,(anonymous_1)
FN:29,(anonymous_2)
FN:35,(anonymous_3)
FN:40,(anonymous_4)
FNF:4
FNH:4
FNDA:7,(anonymous_1)
FNDA:7,(anonymous_2)
FNDA:8,(anonymous_3)
FNDA:1,(anonymous_4)
DA:20,1
DA:24,7
DA:30,7
DA:31,7
DA:32,7
DA:36,8
DA:37,1
DA:41,1
DA:42,1
LF:9
LH:9
BRDA:36,0,0,1
BRDA:36,0,1,7
BRF:2
BRH:2
end_of_record
TN:
SF:C:\Users\mekasire\Desktop\vue practice\dog_app\src\components\ViewImages.vue
FN:57,(anonymous_1)
FN:62,(anonymous_2)
FN:69,(anonymous_3)
FN:75,(anonymous_4)
FN:78,(anonymous_5)
FNF:5
FNH:5
FNDA:4,(anonymous_1)
FNDA:4,(anonymous_2)
FNDA:1,(anonymous_3)
FNDA:1,(anonymous_4)
FNDA:1,(anonymous_5)
DA:53,2
DA:58,4
DA:63,4
DA:64,4
DA:65,4
DA:70,1
DA:71,1
DA:76,1
DA:79,1
LF:9
LH:9
BRF:0
BRH:0
end_of_record
TN:
SF:C:\Users\mekasire\Desktop\vue practice\dog_app\src\router\index.js
FNF:0
FNH:0
DA:7,1
DA:9,1
DA:16,1
LF:3
LH:3
BRF:0
BRH:0
end_of_record
TN:
SF:C:\Users\mekasire\Desktop\vue practice\dog_app\src\store\store.js
FN:14,(anonymous_0)
FN:17,(anonymous_1)
FN:20,(anonymous_2)
FN:23,(anonymous_3)
FN:29,(anonymous_4)
FN:32,(anonymous_5)
FN:35,(anonymous_6)
FN:38,(anonymous_7)
FN:43,(anonymous_8)
FN:46,(anonymous_9)
FN:49,(anonymous_10)
FN:54,(anonymous_11)
FN:62,(anonymous_12)
FN:65,(anonymous_13)
FN:71,(anonymous_14)
FN:77,(anonymous_15)
FN:80,(anonymous_16)
FN:85,(anonymous_17)
FN:88,(anonymous_18)
FN:91,(anonymous_19)
FNF:20
FNH:0
FNDA:0,(anonymous_0)
FNDA:0,(anonymous_1)
FNDA:0,(anonymous_2)
FNDA:0,(anonymous_3)
FNDA:0,(anonymous_4)
FNDA:0,(anonymous_5)
FNDA:0,(anonymous_6)
FNDA:0,(anonymous_7)
FNDA:0,(anonymous_8)
FNDA:0,(anonymous_9)
FNDA:0,(anonymous_10)
FNDA:0,(anonymous_11)
FNDA:0,(anonymous_12)
FNDA:0,(anonymous_13)
FNDA:0,(anonymous_14)
FNDA:0,(anonymous_15)
FNDA:0,(anonymous_16)
FNDA:0,(anonymous_17)
FNDA:0,(anonymous_18)
FNDA:0,(anonymous_19)
DA:5,0
DA:15,0
DA:18,0
DA:21,0
DA:24,0
DA:30,0
DA:33,0
DA:36,0
DA:39,0
DA:44,0
DA:47,0
DA:50,0
DA:55,0
DA:56,0
DA:57,0
DA:58,0
DA:60,0
DA:63,0
DA:66,0
DA:72,0
DA:73,0
DA:75,0
DA:78,0
DA:81,0
DA:86,0
DA:89,0
DA:92,0
LF:27
LH:0
BRDA:55,0,0,0
BRDA:55,0,1,0
BRDA:72,1,0,0
BRDA:72,1,1,0
BRF:4
BRH:0
end_of_record
